
(mesh) C:\Users\Lucas\Documents\0_Academic\ME 542 Adv Comp Mthds- PP Design\Project\ME542-Project>SET DISTUTILS_USE_SDK=1 

(mesh) C:\Users\Lucas\Documents\0_Academic\ME 542 Adv Comp Mthds- PP Design\Project\ME542-Project>SET MSSdk=1 

(mesh) C:\Users\Lucas\Documents\0_Academic\ME 542 Adv Comp Mthds- PP Design\Project\ME542-Project>SET "VS_VERSION=17.0" 

(mesh) C:\Users\Lucas\Documents\0_Academic\ME 542 Adv Comp Mthds- PP Design\Project\ME542-Project>SET "VS_MAJOR=17" 

(mesh) C:\Users\Lucas\Documents\0_Academic\ME 542 Adv Comp Mthds- PP Design\Project\ME542-Project>SET "VS_YEAR=2022" 

(mesh) C:\Users\Lucas\Documents\0_Academic\ME 542 Adv Comp Mthds- PP Design\Project\ME542-Project>set "MSYS2_ARG_CONV_EXCL=/AI;/AL;/OUT;/out" 

(mesh) C:\Users\Lucas\Documents\0_Academic\ME 542 Adv Comp Mthds- PP Design\Project\ME542-Project>set "MSYS2_ENV_CONV_EXCL=CL" 

(mesh) C:\Users\Lucas\Documents\0_Academic\ME 542 Adv Comp Mthds- PP Design\Project\ME542-Project>set "PY_VCRUNTIME_REDIST=\bin\vcruntime140.dll" 

(mesh) C:\Users\Lucas\Documents\0_Academic\ME 542 Adv Comp Mthds- PP Design\Project\ME542-Project>set "CXX=cl.exe" 

(mesh) C:\Users\Lucas\Documents\0_Academic\ME 542 Adv Comp Mthds- PP Design\Project\ME542-Project>set "CC=cl.exe" 

(mesh) C:\Users\Lucas\Documents\0_Academic\ME 542 Adv Comp Mthds- PP Design\Project\ME542-Project>set "VSINSTALLDIR=" 

(mesh) C:\Users\Lucas\Documents\0_Academic\ME 542 Adv Comp Mthds- PP Design\Project\ME542-Project>set "NEWER_VS_WITH_OLDER_VC=0" 

(mesh) C:\Users\Lucas\Documents\0_Academic\ME 542 Adv Comp Mthds- PP Design\Project\ME542-Project>for /F "usebackq tokens=*" %i in (`vswhere.exe -nologo -products * -version [17.0,18.0) -property installationPath`) do (set "VSINSTALLDIR=%i\" ) 

(mesh) C:\Users\Lucas\Documents\0_Academic\ME 542 Adv Comp Mthds- PP Design\Project\ME542-Project>if not exist "" (for /F "usebackq tokens=*" %i in (`vswhere.exe -nologo -products * -requires Microsoft.VisualStudio.ComponentGroup.VC.Tools.143.x86.x64 -property installationPath`) do (
set "VSINSTALLDIR=%i\"  
 set "NEWER_VS_WITH_OLDER_VC=1" 
) ) 

(mesh) C:\Users\Lucas\Documents\0_Academic\ME 542 Adv Comp Mthds- PP Design\Project\ME542-Project>if not exist "" (for /F "usebackq tokens=*" %i in (`vswhere.exe -nologo -products * -requires Microsoft.VisualStudio.Component.VC.v143.x86.x64 -property installationPath`) do (
set "VSINSTALLDIR=%i\"  
 set "NEWER_VS_WITH_OLDER_VC=1" 
) ) 

(mesh) C:\Users\Lucas\Documents\0_Academic\ME 542 Adv Comp Mthds- PP Design\Project\ME542-Project>if not exist "" (set "VSINSTALLDIR=C:\Program Files (x86)\Microsoft Visual Studio\2022\Professional\" ) 

(mesh) C:\Users\Lucas\Documents\0_Academic\ME 542 Adv Comp Mthds- PP Design\Project\ME542-Project>if not exist "C:\Program Files (x86)\Microsoft Visual Studio\2022\Professional\" (set "VSINSTALLDIR=C:\Program Files (x86)\Microsoft Visual Studio\2022\Community\" ) 

(mesh) C:\Users\Lucas\Documents\0_Academic\ME 542 Adv Comp Mthds- PP Design\Project\ME542-Project>if not exist "C:\Program Files (x86)\Microsoft Visual Studio\2022\Community\" (set "VSINSTALLDIR=C:\Program Files (x86)\Microsoft Visual Studio\2022\BuildTools\" ) 

(mesh) C:\Users\Lucas\Documents\0_Academic\ME 542 Adv Comp Mthds- PP Design\Project\ME542-Project>if not exist "C:\Program Files (x86)\Microsoft Visual Studio\2022\BuildTools\" (set "VSINSTALLDIR=C:\Program Files (x86)\Microsoft Visual Studio\2022\Enterprise\" ) 

(mesh) C:\Users\Lucas\Documents\0_Academic\ME 542 Adv Comp Mthds- PP Design\Project\ME542-Project>IF NOT "" == "" (
set "INCLUDE=;C:\Users\Lucas\miniconda3\envs\mesh\Library\include;"  
 set "LIB=;C:\Users\Lucas\miniconda3\envs\mesh\Library\lib;"  
 set "CMAKE_PREFIX_PATH=;" 
)  else (
set "INCLUDE=C:\Users\Lucas\miniconda3\envs\mesh\Library\include;C:\Users\Lucas\miniconda3\envs\mesh\Library\include;"  
 set "LIB=C:\Users\Lucas\miniconda3\envs\mesh\Library\lib;C:\Users\Lucas\miniconda3\envs\mesh\Library\lib;"  
 set "CMAKE_PREFIX_PATH=C:\Users\Lucas\miniconda3\envs\mesh\Library;" 
) 

(mesh) C:\Users\Lucas\Documents\0_Academic\ME 542 Adv Comp Mthds- PP Design\Project\ME542-Project>call :GetWin10SdkDir 

(mesh) C:\Users\Lucas\Documents\0_Academic\ME 542 Adv Comp Mthds- PP Design\Project\ME542-Project>call :GetWin10SdkDirHelper HKLM\SOFTWARE\Wow6432Node  1>nul 2>&1 

(mesh) C:\Users\Lucas\Documents\0_Academic\ME 542 Adv Comp Mthds- PP Design\Project\ME542-Project>if errorlevel 1 call :GetWin10SdkDirHelper HKCU\SOFTWARE\Wow6432Node  1>nul 2>&1 

(mesh) C:\Users\Lucas\Documents\0_Academic\ME 542 Adv Comp Mthds- PP Design\Project\ME542-Project>if errorlevel 1 call :GetWin10SdkDirHelper HKLM\SOFTWARE  1>nul 2>&1 

(mesh) C:\Users\Lucas\Documents\0_Academic\ME 542 Adv Comp Mthds- PP Design\Project\ME542-Project>if errorlevel 1 call :GetWin10SdkDirHelper HKCU\SOFTWARE  1>nul 2>&1 

(mesh) C:\Users\Lucas\Documents\0_Academic\ME 542 Adv Comp Mthds- PP Design\Project\ME542-Project>if errorlevel 1 exit /B 1 

(mesh) C:\Users\Lucas\Documents\0_Academic\ME 542 Adv Comp Mthds- PP Design\Project\ME542-Project>exit /B 0 

(mesh) C:\Users\Lucas\Documents\0_Academic\ME 542 Adv Comp Mthds- PP Design\Project\ME542-Project>for /F %i in ('dir /ON /B "\include\10.*"') DO (SET WindowsSDKVer=%~i ) 

(mesh) C:\Users\Lucas\Documents\0_Academic\ME 542 Adv Comp Mthds- PP Design\Project\ME542-Project>if errorlevel 1 (echo "Didn't find any windows 10 SDK. I'm not sure if things will work, but let's try..." )  else (echo Windows SDK version found as: "" ) 
Windows SDK version found as: ""

(mesh) C:\Users\Lucas\Documents\0_Academic\ME 542 Adv Comp Mthds- PP Design\Project\ME542-Project>set "CMAKE_PLAT=x64" 

(mesh) C:\Users\Lucas\Documents\0_Academic\ME 542 Adv Comp Mthds- PP Design\Project\ME542-Project>set "VCVARSBAT=64" 

(mesh) C:\Users\Lucas\Documents\0_Academic\ME 542 Adv Comp Mthds- PP Design\Project\ME542-Project>set "CMAKE_ARGS=-DCMAKE_BUILD_TYPE=Release" 

(mesh) C:\Users\Lucas\Documents\0_Academic\ME 542 Adv Comp Mthds- PP Design\Project\ME542-Project>IF "" == "1" (set "CMAKE_ARGS=-DCMAKE_BUILD_TYPE=Release -DCMAKE_INSTALL_PREFIX= -DPython_FIND_REGISTRY=NEVER -DPython3_FIND_REGISTRY=NEVER -DCMAKE_PROGRAM_PATH=\bin;\Scripts;\Library\bin;\bin;\Scripts;\Library\bin" ) 

(mesh) C:\Users\Lucas\Documents\0_Academic\ME 542 Adv Comp Mthds- PP Design\Project\ME542-Project>IF 2022 GEQ 2019 (
set "CMAKE_GEN=Visual Studio 17 2022"  
 set "USE_NEW_CMAKE_GEN_SYNTAX=1" 
)  ELSE (
IF "win-64" == "win-64" (set "CMAKE_GEN=Visual Studio 17 2022 Win64" )  else (set "CMAKE_GEN=Visual Studio 17 2022" )  
 set "USE_NEW_CMAKE_GEN_SYNTAX=0" 
) 

(mesh) C:\Users\Lucas\Documents\0_Academic\ME 542 Adv Comp Mthds- PP Design\Project\ME542-Project>echo "NEWER_VS_WITH_OLDER_VC=0" 
"NEWER_VS_WITH_OLDER_VC=0"

(mesh) C:\Users\Lucas\Documents\0_Academic\ME 542 Adv Comp Mthds- PP Design\Project\ME542-Project>set /p LATEST_VS= 0<"C:\Program Files (x86)\Microsoft Visual Studio\2022\Enterprise\\VC\Auxiliary\Build\Microsoft.VCToolsVersion.default.txt" 

(mesh) C:\Users\Lucas\Documents\0_Academic\ME 542 Adv Comp Mthds- PP Design\Project\ME542-Project>type "C:\Program Files (x86)\Microsoft Visual Studio\2022\Enterprise\\VC\Auxiliary\Build\Microsoft.VCToolsVersion.default.txt" 

(mesh) C:\Users\Lucas\Documents\0_Academic\ME 542 Adv Comp Mthds- PP Design\Project\ME542-Project>dir "C:\Program Files (x86)\Microsoft Visual Studio\2022\Enterprise\\VC\Redist\MSVC\" 

(mesh) C:\Users\Lucas\Documents\0_Academic\ME 542 Adv Comp Mthds- PP Design\Project\ME542-Project>if "0" == "1" (
echo ""  
 if "~0,4" == "14.2" (set "CMAKE_GEN=Visual Studio 16 2019" )  else (set "CMAKE_GEN=Visual Studio 17 2022" )  
 set "USE_NEW_CMAKE_GEN_SYNTAX=1" 
) 

(mesh) C:\Users\Lucas\Documents\0_Academic\ME 542 Adv Comp Mthds- PP Design\Project\ME542-Project>IF "" == "" SET "CMAKE_GENERATOR=Visual Studio 17 2022" 

(mesh) C:\Users\Lucas\Documents\0_Academic\ME 542 Adv Comp Mthds- PP Design\Project\ME542-Project>IF "1" == "1" (
IF "" == "" SET "CMAKE_GENERATOR_PLATFORM=x64"  
 IF "" == "" SET "CMAKE_GENERATOR_TOOLSET=v143" 
) 

(mesh) C:\Users\Lucas\Documents\0_Academic\ME 542 Adv Comp Mthds- PP Design\Project\ME542-Project>pushd C:\Program Files (x86)\Microsoft Visual Studio\2022\Enterprise\ 

(mesh) C:\Users\Lucas\Documents\0_Academic\ME 542 Adv Comp Mthds- PP Design\Project\ME542-Project>if "~0,5" LSS "14.44" (
 
 CALL "VC\Auxiliary\Build\vcvars64.bat" -vcvars_ver=~0,5WindowsSDKVer 
)  else (CALL "VC\Auxiliary\Build\vcvars64.bat" -vcvars_ver=14.44  ) 

(mesh) C:\Users\Lucas\Documents\0_Academic\ME 542 Adv Comp Mthds- PP Design\Project\ME542-Project>if 1 NEQ 0 (if "" == "" (CALL "VC\Auxiliary\Build\vcvars64.bat" ) ) 

(mesh) C:\Users\Lucas\Documents\0_Academic\ME 542 Adv Comp Mthds- PP Design\Project\ME542-Project>popd

(mesh) C:\Users\Lucas\Documents\0_Academic\ME 542 Adv Comp Mthds- PP Design\Project\ME542-Project>IF NOT "win-64" == "win-64" (
set "CONDA_BUILD_CROSS_COMPILATION=1"  
 set "CMAKE_ARGS=-DCMAKE_BUILD_TYPE=Release -DCMAKE_SYSTEM_NAME=Windows -DCMAKE_SYSTEM_PROCESSOR=AMD64"  
 setlocal enabledelayedexpansion  
 set CL_DIR1=  
 set CL_DIR2=  
 set CL_EXE=  
 FOR /F "delims=" %i IN ('where cl.exe') DO if not defined CL_EXE set "CL_EXE=%i"  
 call :GetDirName CL_EXE CL_DIR1  
 call :GetDirName CL_DIR1 CL_DIR2  
  
 subst Z: "!CL_DIR2!"  
 endlocal 
 set "CC_FOR_BUILD=Z:/x64/cl.exe"  
 set "CXX_FOR_BUILD=Z:/x64/cl.exe"  
 call :ReplaceInTargetVariable "C:\Users\Lucas\miniconda3\envs\mesh/Library/lib;C:\Users\Lucas\miniconda3\envs\mesh\Library\lib;C:\Users\Lucas\miniconda3\envs\mesh\Library\lib;" LIB_FOR_BUILD  
 call :ReplaceInTargetVariable "C:\Users\Lucas\miniconda3\envs\mesh/Library/include;C:\Users\Lucas\miniconda3\envs\mesh\Library\include;C:\Users\Lucas\miniconda3\envs\mesh\Library\include;" INCLUDE_FOR_BUILD  
 set "LDFLAGS_FOR_BUILD= /MACHINE:x64" 
)  else (set "CONDA_BUILD_CROSS_COMPILATION=0" ) 

(mesh) C:\Users\Lucas\Documents\0_Academic\ME 542 Adv Comp Mthds- PP Design\Project\ME542-Project>call :GetWin10SdkDirHelper HKLM\SOFTWARE\Wow6432Node  1>nul 2>&1 

(mesh) C:\Users\Lucas\Documents\0_Academic\ME 542 Adv Comp Mthds- PP Design\Project\ME542-Project>if errorlevel 1 call :GetWin10SdkDirHelper HKCU\SOFTWARE\Wow6432Node  1>nul 2>&1 

(mesh) C:\Users\Lucas\Documents\0_Academic\ME 542 Adv Comp Mthds- PP Design\Project\ME542-Project>if errorlevel 1 call :GetWin10SdkDirHelper HKLM\SOFTWARE  1>nul 2>&1 

(mesh) C:\Users\Lucas\Documents\0_Academic\ME 542 Adv Comp Mthds- PP Design\Project\ME542-Project>if errorlevel 1 call :GetWin10SdkDirHelper HKCU\SOFTWARE  1>nul 2>&1 

(mesh) C:\Users\Lucas\Documents\0_Academic\ME 542 Adv Comp Mthds- PP Design\Project\ME542-Project>if errorlevel 1 exit /B 1 

(mesh) C:\Users\Lucas\Documents\0_Academic\ME 542 Adv Comp Mthds- PP Design\Project\ME542-Project>exit /B 0 
  Initializing particle 1/2...
Generating 50 internal points from scan2_volume_v7.obj with inward offset 0.6...
  Batch generated 609 valid points. Total: 609/50
50 Initial points generated.
The system cannot find the file specified.
The system cannot find the path specified.
The system cannot find the path specified.
The system cannot find the path specified.
The system cannot find the path specified.
The system cannot find the drive specified.
The system cannot find the path specified.
The system cannot find the path specified.
Traceback (most recent call last):
  File "C:\Users\Lucas\Documents\0_Academic\ME 542 Adv Comp Mthds- PP Design\Project\ME542-Project\pso_optimizer.py", line 200, in <module>
    optimizer = PSOOptimizer(OBJ_PATH, NUM_INTERNAL_POINTS, NUM_PARTICLES, MAX_ITER)
                ^^^^^^^^^^^^^^^^^^^^^^^^^^^^^^^^^^^^^^^^^^^^^^^^^^^^^^^^^^^^^^^^^^^^
  File "C:\Users\Lucas\Documents\0_Academic\ME 542 Adv Comp Mthds- PP Design\Project\ME542-Project\pso_optimizer.py", line 38, in __init__
    self.particles.append(p)
    ^^^^^^^^^^^^^^
AttributeError: 'PSOOptimizer' object has no attribute 'particles'. Did you mean: 'num_particles'?

ERROR conda.cli.main_run:execute(127): `conda run python pso_optimizer.py` failed. (See above for error)

